# JRE version: OpenJDK Runtime Environment (8.0_275-b01) (build 1.8.0_275-b01)
# Java VM: OpenJDK 64-Bit Server VM (25.275-b01 mixed mode windows-amd64 compressed oops)
Heap:
 PSYoungGen      total 497664K, used 54921K [0x00000000d5f80000, 0x00000000fd980000, 0x0000000100000000)
  eden space 470016K, 11% used [0x00000000d5f80000,0x00000000d95225a0,0x00000000f2a80000)
  from space 27648K, 0% used [0x00000000f2a80000,0x00000000f2a80000,0x00000000f4580000)
  to   space 28160K, 0% used [0x00000000fbe00000,0x00000000fbe00000,0x00000000fd980000)
 ParOldGen       total 143872K, used 59262K [0x0000000081e00000, 0x000000008aa80000, 0x00000000d5f80000)
  object space 143872K, 41% used [0x0000000081e00000,0x00000000857dfb98,0x000000008aa80000)
 Metaspace       used 55810K, capacity 59025K, committed 59096K, reserved 1099776K
  class space    used 7344K, capacity 7920K, committed 7936K, reserved 1048576K
GC Heap History (10 events):
Event: 7.065 GC heap before
{Heap before GC invocations=12 (full 2):
 PSYoungGen      total 370688K, used 14336K [0x00000000d5f80000, 0x00000000f0280000, 0x0000000100000000)
  eden space 351744K, 0% used [0x00000000d5f80000,0x00000000d5f80000,0x00000000eb700000)
  from space 18944K, 75% used [0x00000000eca80000,0x00000000ed880148,0x00000000edd00000)
  to   space 19968K, 0% used [0x00000000eb700000,0x00000000eb700000,0x00000000eca80000)
 ParOldGen       total 59392K, used 31044K [0x0000000081e00000, 0x0000000085800000, 0x00000000d5f80000)
  object space 59392K, 52% used [0x0000000081e00000,0x0000000083c511a8,0x0000000085800000)
 Metaspace       used 33421K, capacity 35370K, committed 35456K, reserved 1079296K
  class space    used 4286K, capacity 4691K, committed 4736K, reserved 1048576K
Event: 7.140 GC heap after
Heap after GC invocations=12 (full 2):
 PSYoungGen      total 370688K, used 0K [0x00000000d5f80000, 0x00000000f0280000, 0x0000000100000000)
  eden space 351744K, 0% used [0x00000000d5f80000,0x00000000d5f80000,0x00000000eb700000)
  from space 18944K, 0% used [0x00000000eca80000,0x00000000eca80000,0x00000000edd00000)
  to   space 19968K, 0% used [0x00000000eb700000,0x00000000eb700000,0x00000000eca80000)
 ParOldGen       total 97792K, used 35442K [0x0000000081e00000, 0x0000000087d80000, 0x00000000d5f80000)
  object space 97792K, 36% used [0x0000000081e00000,0x000000008409cb70,0x0000000087d80000)
 Metaspace       used 33421K, capacity 35370K, committed 35456K, reserved 1079296K
  class space    used 4286K, capacity 4691K, committed 4736K, reserved 1048576K
}
Event: 11.248 GC heap before
{Heap before GC invocations=13 (full 2):
 PSYoungGen      total 370688K, used 351744K [0x00000000d5f80000, 0x00000000f0280000, 0x0000000100000000)
  eden space 351744K, 100% used [0x00000000d5f80000,0x00000000eb700000,0x00000000eb700000)
  from space 18944K, 0% used [0x00000000eca80000,0x00000000eca80000,0x00000000edd00000)
  to   space 19968K, 0% used [0x00000000eb700000,0x00000000eb700000,0x00000000eca80000)
 ParOldGen       total 97792K, used 35442K [0x0000000081e00000, 0x0000000087d80000, 0x00000000d5f80000)
  object space 97792K, 36% used [0x0000000081e00000,0x000000008409cb70,0x0000000087d80000)
 Metaspace       used 45855K, capacity 48538K, committed 48640K, reserved 1091584K
  class space    used 6099K, capacity 6612K, committed 6656K, reserved 1048576K
Event: 11.280 GC heap after
Heap after GC invocations=13 (full 2):
 PSYoungGen      total 371712K, used 19943K [0x00000000d5f80000, 0x00000000f6480000, 0x0000000100000000)
  eden space 351744K, 0% used [0x00000000d5f80000,0x00000000d5f80000,0x00000000eb700000)
  from space 19968K, 99% used [0x00000000eb700000,0x00000000eca79dc8,0x00000000eca80000)
  to   space 25600K, 0% used [0x00000000f4b80000,0x00000000f4b80000,0x00000000f6480000)
 ParOldGen       total 97792K, used 43178K [0x0000000081e00000, 0x0000000087d80000, 0x00000000d5f80000)
  object space 97792K, 44% used [0x0000000081e00000,0x000000008482a9d0,0x0000000087d80000)
 Metaspace       used 45855K, capacity 48538K, committed 48640K, reserved 1091584K
  class space    used 6099K, capacity 6612K, committed 6656K, reserved 1048576K
}
Event: 344.792 GC heap before
{Heap before GC invocations=14 (full 2):
 PSYoungGen      total 371712K, used 371687K [0x00000000d5f80000, 0x00000000f6480000, 0x0000000100000000)
  eden space 351744K, 100% used [0x00000000d5f80000,0x00000000eb700000,0x00000000eb700000)
  from space 19968K, 99% used [0x00000000eb700000,0x00000000eca79dc8,0x00000000eca80000)
  to   space 25600K, 0% used [0x00000000f4b80000,0x00000000f4b80000,0x00000000f6480000)
 ParOldGen       total 97792K, used 43178K [0x0000000081e00000, 0x0000000087d80000, 0x00000000d5f80000)
  object space 97792K, 44% used [0x0000000081e00000,0x000000008482a9d0,0x0000000087d80000)
 Metaspace       used 55601K, capacity 58761K, committed 58880K, reserved 1099776K
  class space    used 7313K, capacity 7886K, committed 7936K, reserved 1048576K
Event: 345.245 GC heap after
Heap after GC invocations=14 (full 2):
 PSYoungGen      total 485888K, used 21215K [0x00000000d5f80000, 0x00000000f6080000, 0x0000000100000000)
  eden space 464384K, 0% used [0x00000000d5f80000,0x00000000d5f80000,0x00000000f2500000)
  from space 21504K, 98% used [0x00000000f4b80000,0x00000000f6037f98,0x00000000f6080000)
  to   space 27648K, 0% used [0x00000000f2a80000,0x00000000f2a80000,0x00000000f4580000)
 ParOldGen       total 97792K, used 57521K [0x0000000081e00000, 0x0000000087d80000, 0x00000000d5f80000)
  object space 97792K, 58% used [0x0000000081e00000,0x000000008562c670,0x0000000087d80000)
 Metaspace       used 55601K, capacity 58761K, committed 58880K, reserved 1099776K
  class space    used 7313K, capacity 7886K, committed 7936K, reserved 1048576K
}
Event: 1296.084 GC heap before
{Heap before GC invocations=15 (full 2):
 PSYoungGen      total 485888K, used 96052K [0x00000000d5f80000, 0x00000000f6080000, 0x0000000100000000)
  eden space 464384K, 16% used [0x00000000d5f80000,0x00000000da895370,0x00000000f2500000)
  from space 21504K, 98% used [0x00000000f4b80000,0x00000000f6037f98,0x00000000f6080000)
  to   space 27648K, 0% used [0x00000000f2a80000,0x00000000f2a80000,0x00000000f4580000)
 ParOldGen       total 97792K, used 57521K [0x0000000081e00000, 0x0000000087d80000, 0x00000000d5f80000)
  object space 97792K, 58% used [0x0000000081e00000,0x000000008562c670,0x0000000087d80000)
 Metaspace       used 55822K, capacity 59053K, committed 59096K, reserved 1099776K
  class space    used 7348K, capacity 7926K, committed 7936K, reserved 1048576K
Event: 1296.231 GC heap after
Heap after GC invocations=15 (full 2):
 PSYoungGen      total 497664K, used 1216K [0x00000000d5f80000, 0x00000000fd980000, 0x0000000100000000)
  eden space 470016K, 0% used [0x00000000d5f80000,0x00000000d5f80000,0x00000000f2a80000)
  from space 27648K, 4% used [0x00000000f2a80000,0x00000000f2bb0020,0x00000000f4580000)
  to   space 28160K, 0% used [0x00000000fbe00000,0x00000000fbe00000,0x00000000fd980000)
 ParOldGen       total 97792K, used 71932K [0x0000000081e00000, 0x0000000087d80000, 0x00000000d5f80000)
  object space 97792K, 73% used [0x0000000081e00000,0x000000008643f388,0x0000000087d80000)
 Metaspace       used 55822K, capacity 59053K, committed 59096K, reserved 1099776K
  class space    used 7348K, capacity 7926K, committed 7936K, reserved 1048576K
}
Event: 1296.231 GC heap before
{Heap before GC invocations=16 (full 3):
 PSYoungGen      total 497664K, used 1216K [0x00000000d5f80000, 0x00000000fd980000, 0x0000000100000000)
  eden space 470016K, 0% used [0x00000000d5f80000,0x00000000d5f80000,0x00000000f2a80000)
  from space 27648K, 4% used [0x00000000f2a80000,0x00000000f2bb0020,0x00000000f4580000)
  to   space 28160K, 0% used [0x00000000fbe00000,0x00000000fbe00000,0x00000000fd980000)
 ParOldGen       total 97792K, used 71932K [0x0000000081e00000, 0x0000000087d80000, 0x00000000d5f80000)
  object space 97792K, 73% used [0x0000000081e00000,0x000000008643f388,0x0000000087d80000)
 Metaspace       used 55822K, capacity 59053K, committed 59096K, reserved 1099776K
  class space    used 7348K, capacity 7926K, committed 7936K, reserved 1048576K
Event: 1297.165 GC heap after
Heap after GC invocations=16 (full 3):
 PSYoungGen      total 497664K, used 0K [0x00000000d5f80000, 0x00000000fd980000, 0x0000000100000000)
  eden space 470016K, 0% used [0x00000000d5f80000,0x00000000d5f80000,0x00000000f2a80000)
  from space 27648K, 0% used [0x00000000f2a80000,0x00000000f2a80000,0x00000000f4580000)
  to   space 28160K, 0% used [0x00000000fbe00000,0x00000000fbe00000,0x00000000fd980000)
 ParOldGen       total 143872K, used 59262K [0x0000000081e00000, 0x000000008aa80000, 0x00000000d5f80000)
  object space 143872K, 41% used [0x0000000081e00000,0x00000000857dfb98,0x000000008aa80000)
 Metaspace       used 55810K, capacity 59025K, committed 59096K, reserved 1099776K
  class space    used 7344K, capacity 7920K, committed 7936K, reserved 1048576K
}

